[debug] [2022-06-27T11:17:24.828Z] ----------------------------------------------------------------------
[debug] [2022-06-27T11:17:24.830Z] Command:       C:\Program Files\nodejs\node.exe C:\Users\Tomaseltas\AppData\Roaming\npm\node_modules\firebase-tools\lib\bin\firebase.js init
[debug] [2022-06-27T11:17:24.831Z] CLI Version:   10.1.2
[debug] [2022-06-27T11:17:24.831Z] Platform:      win32
[debug] [2022-06-27T11:17:24.831Z] Node Version:  v16.13.2
[debug] [2022-06-27T11:17:24.832Z] Time:          Mon Jun 27 2022 13:17:24 GMT+0200 (Central European Summer Time)
[debug] [2022-06-27T11:17:24.832Z] ----------------------------------------------------------------------
[debug] 
[debug] [2022-06-27T11:17:24.835Z] >>> [apiv2][query] GET https://firebase-public.firebaseio.com/cli.json [none]
[debug] [2022-06-27T11:17:24.907Z] > command requires scopes: ["email","openid","https://www.googleapis.com/auth/cloudplatformprojects.readonly","https://www.googleapis.com/auth/firebase","https://www.googleapis.com/auth/cloud-platform"]
[debug] [2022-06-27T11:17:24.907Z] > authorizing via signed-in user (realmadrid.vetstein@gmail.com)
[info] 
     ######## #### ########  ######## ########     ###     ######  ########
     ##        ##  ##     ## ##       ##     ##  ##   ##  ##       ##
     ######    ##  ########  ######   ########  #########  ######  ######
     ##        ##  ##    ##  ##       ##     ## ##     ##       ## ##
     ##       #### ##     ## ######## ########  ##     ##  ######  ########

You're about to initialize a Firebase project in this directory:

  C:\Users\Tomaseltas\Desktop\Angular\szakdolgozat\szakdolgozat

Before we get started, keep in mind:

  * You are initializing within an existing Firebase project directory

[debug] [2022-06-27T11:17:25.464Z] <<< [apiv2][status] GET https://firebase-public.firebaseio.com/cli.json 200
[debug] [2022-06-27T11:17:25.464Z] <<< [apiv2][body] GET https://firebase-public.firebaseio.com/cli.json {"cloudBuildErrorAfter":1594252800000,"cloudBuildWarnAfter":1590019200000,"defaultNode10After":1594252800000,"minVersion":"3.0.5","node8DeploysDisabledAfter":1613390400000,"node8RuntimeDisabledAfter":1615809600000,"node8WarnAfter":1600128000000}
